#
# There is insufficient memory for the Java Runtime Environment to continue.
# Native memory allocation (malloc) failed to allocate 1345456 bytes for Chunk::new
# Possible reasons:
#   The system is out of physical RAM or swap space
#   The process is running with CompressedOops enabled, and the Java Heap may be blocking the growth of the native heap
# Possible solutions:
#   Reduce memory load on the system
#   Increase physical memory or swap space
#   Check if swap backing store is full
#   Decrease Java heap size (-Xmx/-Xms)
#   Decrease number of Java threads
#   Decrease Java thread stack sizes (-Xss)
#   Set larger code cache with -XX:ReservedCodeCacheSize=
#   JVM is running with Unscaled Compressed Oops mode in which the Java heap is
#     placed in the first 4GB address space. The Java Heap base address is the
#     maximum limit for the native heap growth. Please use -XX:HeapBaseMinAddress
#     to set the Java Heap base and to place the Java Heap above 4GB virtual address.
# This output file may be truncated or incomplete.
#
#  Out of Memory Error (arena.cpp:191), pid=9960, tid=13252
#
# JRE version: OpenJDK Runtime Environment Microsoft-8902769 (17.0.10+7) (build 17.0.10+7-LTS)
# Java VM: OpenJDK 64-Bit Server VM Microsoft-8902769 (17.0.10+7-LTS, mixed mode, sharing, tiered, compressed oops, compressed class ptrs, g1 gc, windows-amd64)
# No core dump will be written. Minidumps are not enabled by default on client versions of Windows
#

---------------  S U M M A R Y ------------

Command Line: org.jetbrains.kotlin.cli.jvm.K2JVMCompiler @C:\Users\Zeeshan Ch\Documents\Harvest-Yards-React-native\node_modules\react-native-screens\android\build\20240305_18325135132353478897.compiler.options

Host: 12th Gen Intel(R) Core(TM) i5-1235U, 12 cores, 7G,  Windows 10 , 64 bit Build 19041 (10.0.19041.3636)
Time: Tue Mar  5 22:39:12 2024 Pakistan Standard Time elapsed time: 27.197809 seconds (0d 0h 0m 27s)

---------------  T H R E A D  ---------------

Current thread (0x00000200217bb620):  JavaThread "C2 CompilerThread0" daemon [_thread_in_native, id=13252, stack(0x0000001139800000,0x0000001139900000)]


Current CompileTask:
C2:  27198 11723       4       org.jetbrains.kotlin.load.kotlin.TypeSignatureMappingKt::mapBuiltInType (339 bytes)

Stack: [0x0000001139800000,0x0000001139900000]
Native frames: (J=compiled Java code, j=interpreted, Vv=VM code, C=native code)
V  [jvm.dll+0x67f829]
V  [jvm.dll+0x83750a]
V  [jvm.dll+0x838fce]
V  [jvm.dll+0x839633]
V  [jvm.dll+0x247cbf]
V  [jvm.dll+0xac524]
V  [jvm.dll+0xacb6c]
V  [jvm.dll+0x368ca2]
V  [jvm.dll+0x33311a]
V  [jvm.dll+0x3325ba]
V  [jvm.dll+0x21a401]
V  [jvm.dll+0x219821]
V  [jvm.dll+0x1a5176]
V  [jvm.dll+0x22957e]
V  [jvm.dll+0x22774c]
V  [jvm.dll+0x7ec5d7]
V  [jvm.dll+0x7e69da]
V  [jvm.dll+0x67e715]
C  [ucrtbase.dll+0x21bb2]
C  [KERNEL32.DLL+0x17344]
C  [ntdll.dll+0x526b1]


---------------  P R O C E S S  ---------------

Threads class SMR info:
_java_thread_list=0x0000020067bb5af0, length=13, elements={
0x00000200033592c0, 0x00000200217a0ca0, 0x00000200217a1920, 0x00000200217b77c0,
0x00000200217b8440, 0x00000200217b9f70, 0x00000200217ba930, 0x00000200217bb620,
0x00000200217bc020, 0x00000200217bd940, 0x0000020021c17fc0, 0x0000020021c1df50,
0x0000020069366a00
}

Java Threads: ( => current thread )
  0x00000200033592c0 JavaThread "main" [_thread_in_vm, id=15680, stack(0x0000001138b00000,0x0000001138c00000)]
  0x00000200217a0ca0 JavaThread "Reference Handler" daemon [_thread_blocked, id=12520, stack(0x0000001139200000,0x0000001139300000)]
  0x00000200217a1920 JavaThread "Finalizer" daemon [_thread_blocked, id=5884, stack(0x0000001139300000,0x0000001139400000)]
  0x00000200217b77c0 JavaThread "Signal Dispatcher" daemon [_thread_blocked, id=16132, stack(0x0000001139400000,0x0000001139500000)]
  0x00000200217b8440 JavaThread "Attach Listener" daemon [_thread_blocked, id=10952, stack(0x0000001139500000,0x0000001139600000)]
  0x00000200217b9f70 JavaThread "Service Thread" daemon [_thread_blocked, id=8856, stack(0x0000001139600000,0x0000001139700000)]
  0x00000200217ba930 JavaThread "Monitor Deflation Thread" daemon [_thread_blocked, id=16444, stack(0x0000001139700000,0x0000001139800000)]
=>0x00000200217bb620 JavaThread "C2 CompilerThread0" daemon [_thread_in_native, id=13252, stack(0x0000001139800000,0x0000001139900000)]
  0x00000200217bc020 JavaThread "C1 CompilerThread0" daemon [_thread_in_native, id=11640, stack(0x0000001139900000,0x0000001139a00000)]
  0x00000200217bd940 JavaThread "Sweeper thread" daemon [_thread_blocked, id=9552, stack(0x0000001139a00000,0x0000001139b00000)]
  0x0000020021c17fc0 JavaThread "Notification Thread" daemon [_thread_blocked, id=15620, stack(0x0000001139b00000,0x0000001139c00000)]
  0x0000020021c1df50 JavaThread "Common-Cleaner" daemon [_thread_blocked, id=14648, stack(0x0000001139d00000,0x0000001139e00000)]
  0x0000020069366a00 JavaThread "C2 CompilerThread1" daemon [_thread_in_native, id=13708, stack(0x000000113aa00000,0x000000113ab00000)]

Other Threads:
  0x0000020021797170 VMThread "VM Thread" [stack: 0x0000001139100000,0x0000001139200000] [id=8188]
  0x0000020021c18ec0 WatcherThread [stack: 0x0000001139c00000,0x0000001139d00000] [id=9256]
  0x00000200033b87d0 GCTaskThread "GC Thread#0" [stack: 0x0000001138c00000,0x0000001138d00000] [id=8272]
  0x00000200672431e0 GCTaskThread "GC Thread#1" [stack: 0x0000001139e00000,0x0000001139f00000] [id=17148]
  0x0000020067259f10 GCTaskThread "GC Thread#2" [stack: 0x0000001139f00000,0x000000113a000000] [id=12640]
  0x000002006725a1d0 GCTaskThread "GC Thread#3" [stack: 0x000000113a000000,0x000000113a100000] [id=11056]
  0x000002006725a490 GCTaskThread "GC Thread#4" [stack: 0x000000113a100000,0x000000113a200000] [id=16164]
  0x0000020067567050 GCTaskThread "GC Thread#5" [stack: 0x000000113a200000,0x000000113a300000] [id=10488]
  0x00000200675c2080 GCTaskThread "GC Thread#6" [stack: 0x000000113a300000,0x000000113a400000] [id=5860]
  0x0000020067580480 GCTaskThread "GC Thread#7" [stack: 0x000000113a400000,0x000000113a500000] [id=7024]
  0x00000200677e4c10 GCTaskThread "GC Thread#8" [stack: 0x000000113a500000,0x000000113a600000] [id=7752]
  0x00000200677e4ed0 GCTaskThread "GC Thread#9" [stack: 0x000000113a600000,0x000000113a700000] [id=10176]
  0x00000200033c8ea0 ConcurrentGCThread "G1 Main Marker" [stack: 0x0000001138d00000,0x0000001138e00000] [id=7864]
  0x00000200033c98c0 ConcurrentGCThread "G1 Conc#0" [stack: 0x0000001138e00000,0x0000001138f00000] [id=17268]
  0x00000200679203d0 ConcurrentGCThread "G1 Conc#1" [stack: 0x000000113a700000,0x000000113a800000] [id=5624]
  0x0000020067920040 ConcurrentGCThread "G1 Conc#2" [stack: 0x000000113a800000,0x000000113a900000] [id=2288]
  0x0000020021645c80 ConcurrentGCThread "G1 Refine#0" [stack: 0x0000001138f00000,0x0000001139000000] [id=8952]
  0x0000020068ba5660 ConcurrentGCThread "G1 Refine#1" [stack: 0x000000113a900000,0x000000113aa00000] [id=12712]
  0x000002006a502dc0 ConcurrentGCThread "G1 Refine#2" [stack: 0x000000113ab00000,0x000000113ac00000] [id=4960]
  0x00000200216466b0 ConcurrentGCThread "G1 Service" [stack: 0x0000001139000000,0x0000001139100000] [id=14424]

Threads with active compile tasks:
C2 CompilerThread0    27219 11723       4       org.jetbrains.kotlin.load.kotlin.TypeSignatureMappingKt::mapBuiltInType (339 bytes)
C1 CompilerThread0    27219 11787       3       org.jetbrains.kotlin.resolve.calls.checkers.ReferencingToUnderscoreNamedParameterOfCatchBlockChecker::check (145 bytes)
C2 CompilerThread1    27219 11722       4       org.jetbrains.kotlin.load.kotlin.DescriptorBasedTypeSignatureMappingKt::mapType (895 bytes)

VM state: not at safepoint (normal execution)

VM Mutex/Monitor currently owned by a thread: None

Heap address: 0x0000000084400000, size: 1980 MB, Compressed Oops mode: 32-bit

CDS archive(s) mapped at: [0x0000020022000000-0x0000020022bb0000-0x0000020022bb0000), size 12255232, SharedBaseAddress: 0x0000020022000000, ArchiveRelocationMode: 1.
Compressed class space mapped at: 0x0000020023000000-0x0000020063000000, reserved size: 1073741824
Narrow klass base: 0x0000020022000000, Narrow klass shift: 0, Narrow klass range: 0x100000000

GC Precious Log:
 CPUs: 12 total, 12 available
 Memory: 7916M
 Large Page Support: Disabled
 NUMA Support: Disabled
 Compressed Oops: Enabled (32-bit)
 Heap Region Size: 1M
 Heap Min Capacity: 8M
 Heap Initial Capacity: 124M
 Heap Max Capacity: 1980M
 Pre-touch: Disabled
 Parallel Workers: 10
 Concurrent Workers: 3
 Concurrent Refinement Workers: 10
 Periodic GC: Disabled

Heap:
 garbage-first heap   total 184320K, used 82814K [0x0000000084400000, 0x0000000100000000)
  region size 1024K, 12 young (12288K), 9 survivors (9216K)
 Metaspace       used 59970K, committed 60352K, reserved 1114112K
  class space    used 6895K, committed 7040K, reserved 1048576K

Heap Regions: E=young(eden), S=young(survivor), O=old, HS=humongous(starts), HC=humongous(continues), CS=collection set, F=free, OA=open archive, CA=closed archive, TAMS=top-at-mark-start (previous, next)
|   0|0x0000000084400000, 0x0000000084500000, 0x0000000084500000|100%|HS|  |TAMS 0x0000000084500000, 0x0000000084400000| Complete 
|   1|0x0000000084500000, 0x0000000084600000, 0x0000000084600000|100%|HC|  |TAMS 0x0000000084600000, 0x0000000084500000| Complete 
|   2|0x0000000084600000, 0x0000000084700000, 0x0000000084700000|100%|HC|  |TAMS 0x0000000084700000, 0x0000000084600000| Complete 
|   3|0x0000000084700000, 0x0000000084800000, 0x0000000084800000|100%|HC|  |TAMS 0x0000000084800000, 0x0000000084700000| Complete 
|   4|0x0000000084800000, 0x0000000084900000, 0x0000000084900000|100%| O|  |TAMS 0x0000000084900000, 0x0000000084800000| Untracked 
|   5|0x0000000084900000, 0x0000000084a00000, 0x0000000084a00000|100%| O|  |TAMS 0x0000000084a00000, 0x0000000084900000| Untracked 
|   6|0x0000000084a00000, 0x0000000084b00000, 0x0000000084b00000|100%| O|  |TAMS 0x0000000084b00000, 0x0000000084a00000| Untracked 
|   7|0x0000000084b00000, 0x0000000084c00000, 0x0000000084c00000|100%|HS|  |TAMS 0x0000000084c00000, 0x0000000084b00000| Complete 
|   8|0x0000000084c00000, 0x0000000084d00000, 0x0000000084d00000|100%|HC|  |TAMS 0x0000000084d00000, 0x0000000084c00000| Complete 
|   9|0x0000000084d00000, 0x0000000084e00000, 0x0000000084e00000|100%|HC|  |TAMS 0x0000000084e00000, 0x0000000084d00000| Complete 
|  10|0x0000000084e00000, 0x0000000084f00000, 0x0000000084f00000|100%|HC|  |TAMS 0x0000000084f00000, 0x0000000084e00000| Complete 
|  11|0x0000000084f00000, 0x0000000085000000, 0x0000000085000000|100%| O|  |TAMS 0x0000000085000000, 0x0000000084f00000| Untracked 
|  12|0x0000000085000000, 0x0000000085100000, 0x0000000085100000|100%| O|  |TAMS 0x0000000085100000, 0x0000000085000000| Untracked 
|  13|0x0000000085100000, 0x0000000085200000, 0x0000000085200000|100%| O|  |TAMS 0x0000000085200000, 0x0000000085100000| Untracked 
|  14|0x0000000085200000, 0x0000000085300000, 0x0000000085300000|100%| O|  |TAMS 0x0000000085300000, 0x0000000085200000| Untracked 
|  15|0x0000000085300000, 0x0000000085400000, 0x0000000085400000|100%| O|  |TAMS 0x0000000085400000, 0x0000000085300000| Untracked 
|  16|0x0000000085400000, 0x0000000085500000, 0x0000000085500000|100%| O|  |TAMS 0x0000000085500000, 0x0000000085400000| Untracked 
|  17|0x0000000085500000, 0x0000000085600000, 0x0000000085600000|100%| O|  |TAMS 0x0000000085600000, 0x0000000085500000| Untracked 
|  18|0x0000000085600000, 0x0000000085700000, 0x0000000085700000|100%| O|  |TAMS 0x0000000085700000, 0x0000000085600000| Untracked 
|  19|0x0000000085700000, 0x0000000085800000, 0x0000000085800000|100%| O|  |TAMS 0x0000000085800000, 0x0000000085700000| Untracked 
|  20|0x0000000085800000, 0x0000000085900000, 0x0000000085900000|100%| O|  |TAMS 0x0000000085900000, 0x0000000085800000| Untracked 
|  21|0x0000000085900000, 0x0000000085a00000, 0x0000000085a00000|100%|HS|  |TAMS 0x0000000085a00000, 0x0000000085900000| Complete 
|  22|0x0000000085a00000, 0x0000000085b00000, 0x0000000085b00000|100%|HC|  |TAMS 0x0000000085b00000, 0x0000000085a00000| Complete 
|  23|0x0000000085b00000, 0x0000000085c00000, 0x0000000085c00000|100%| O|  |TAMS 0x0000000085c00000, 0x0000000085b00000| Untracked 
|  24|0x0000000085c00000, 0x0000000085d00000, 0x0000000085d00000|100%| O|  |TAMS 0x0000000085d00000, 0x0000000085c00000| Untracked 
|  25|0x0000000085d00000, 0x0000000085e00000, 0x0000000085e00000|100%| O|  |TAMS 0x0000000085e00000, 0x0000000085d00000| Untracked 
|  26|0x0000000085e00000, 0x0000000085f00000, 0x0000000085f00000|100%| O|  |TAMS 0x0000000085f00000, 0x0000000085e00000| Untracked 
|  27|0x0000000085f00000, 0x0000000086000000, 0x0000000086000000|100%| O|  |TAMS 0x0000000086000000, 0x0000000085f00000| Untracked 
|  28|0x0000000086000000, 0x0000000086100000, 0x0000000086100000|100%| O|  |TAMS 0x0000000086100000, 0x0000000086000000| Untracked 
|  29|0x0000000086100000, 0x0000000086200000, 0x0000000086200000|100%| O|  |TAMS 0x0000000086200000, 0x0000000086100000| Untracked 
|  30|0x0000000086200000, 0x0000000086300000, 0x0000000086300000|100%| O|  |TAMS 0x0000000086300000, 0x0000000086200000| Untracked 
|  31|0x0000000086300000, 0x0000000086400000, 0x0000000086400000|100%| O|  |TAMS 0x0000000086400000, 0x0000000086300000| Untracked 
|  32|0x0000000086400000, 0x0000000086500000, 0x0000000086500000|100%| O|  |TAMS 0x0000000086500000, 0x0000000086400000| Untracked 
|  33|0x0000000086500000, 0x0000000086600000, 0x0000000086600000|100%| O|  |TAMS 0x0000000086600000, 0x0000000086500000| Untracked 
|  34|0x0000000086600000, 0x0000000086700000, 0x0000000086700000|100%| O|  |TAMS 0x0000000086700000, 0x0000000086600000| Untracked 
|  35|0x0000000086700000, 0x0000000086800000, 0x0000000086800000|100%| O|  |TAMS 0x0000000086800000, 0x0000000086700000| Untracked 
|  36|0x0000000086800000, 0x0000000086900000, 0x0000000086900000|100%| O|  |TAMS 0x0000000086900000, 0x0000000086800000| Untracked 
|  37|0x0000000086900000, 0x0000000086a00000, 0x0000000086a00000|100%| O|  |TAMS 0x0000000086a00000, 0x0000000086900000| Untracked 
|  38|0x0000000086a00000, 0x0000000086b00000, 0x0000000086b00000|100%| O|  |TAMS 0x0000000086b00000, 0x0000000086a00000| Untracked 
|  39|0x0000000086b00000, 0x0000000086c00000, 0x0000000086c00000|100%| O|  |TAMS 0x0000000086c00000, 0x0000000086b00000| Untracked 
|  40|0x0000000086c00000, 0x0000000086d00000, 0x0000000086d00000|100%| O|  |TAMS 0x0000000086d00000, 0x0000000086c00000| Untracked 
|  41|0x0000000086d00000, 0x0000000086e00000, 0x0000000086e00000|100%| O|  |TAMS 0x0000000086e00000, 0x0000000086d00000| Untracked 
|  42|0x0000000086e00000, 0x0000000086f00000, 0x0000000086f00000|100%| O|  |TAMS 0x0000000086f00000, 0x0000000086e00000| Untracked 
|  43|0x0000000086f00000, 0x0000000087000000, 0x0000000087000000|100%| O|  |TAMS 0x0000000087000000, 0x0000000086f00000| Untracked 
|  44|0x0000000087000000, 0x0000000087100000, 0x0000000087100000|100%| O|  |TAMS 0x0000000087100000, 0x0000000087000000| Untracked 
|  45|0x0000000087100000, 0x0000000087200000, 0x0000000087200000|100%| O|  |TAMS 0x0000000087200000, 0x0000000087100000| Untracked 
|  46|0x0000000087200000, 0x0000000087300000, 0x0000000087300000|100%| O|  |TAMS 0x0000000087300000, 0x0000000087200000| Untracked 
|  47|0x0000000087300000, 0x0000000087400000, 0x0000000087400000|100%| O|  |TAMS 0x0000000087400000, 0x0000000087300000| Untracked 
|  48|0x0000000087400000, 0x0000000087500000, 0x0000000087500000|100%| O|  |TAMS 0x0000000087500000, 0x0000000087400000| Untracked 
|  49|0x0000000087500000, 0x0000000087600000, 0x0000000087600000|100%| O|  |TAMS 0x0000000087600000, 0x0000000087500000| Untracked 
|  50|0x0000000087600000, 0x0000000087700000, 0x0000000087700000|100%| O|  |TAMS 0x0000000087700000, 0x0000000087600000| Untracked 
|  51|0x0000000087700000, 0x0000000087800000, 0x0000000087800000|100%| O|  |TAMS 0x0000000087800000, 0x0000000087700000| Untracked 
|  52|0x0000000087800000, 0x0000000087900000, 0x0000000087900000|100%| O|  |TAMS 0x0000000087900000, 0x0000000087800000| Untracked 
|  53|0x0000000087900000, 0x0000000087a00000, 0x0000000087a00000|100%| O|  |TAMS 0x0000000087a00000, 0x0000000087900000| Untracked 
|  54|0x0000000087a00000, 0x0000000087b00000, 0x0000000087b00000|100%| O|  |TAMS 0x0000000087b00000, 0x0000000087a00000| Untracked 
|  55|0x0000000087b00000, 0x0000000087c00000, 0x0000000087c00000|100%| O|  |TAMS 0x0000000087c00000, 0x0000000087b00000| Complete 
|  56|0x0000000087c00000, 0x0000000087d00000, 0x0000000087d00000|100%| O|  |TAMS 0x0000000087c00000, 0x0000000087c00000| Untracked 
|  57|0x0000000087d00000, 0x0000000087e00000, 0x0000000087e00000|100%| O|  |TAMS 0x0000000087e00000, 0x0000000087d00000| Untracked 
|  58|0x0000000087e00000, 0x0000000087f00000, 0x0000000087f00000|100%| O|  |TAMS 0x0000000087f00000, 0x0000000087e00000| Untracked 
|  59|0x0000000087f00000, 0x0000000088000000, 0x0000000088000000|100%| O|  |TAMS 0x0000000088000000, 0x0000000087f00000| Untracked 
|  60|0x0000000088000000, 0x0000000088100000, 0x0000000088100000|100%| O|  |TAMS 0x0000000088100000, 0x0000000088000000| Untracked 
|  61|0x0000000088100000, 0x0000000088200000, 0x0000000088200000|100%| O|  |TAMS 0x0000000088200000, 0x0000000088100000| Untracked 
|  62|0x0000000088200000, 0x0000000088300000, 0x0000000088300000|100%| O|  |TAMS 0x0000000088300000, 0x0000000088200000| Untracked 
|  63|0x0000000088300000, 0x0000000088400000, 0x0000000088400000|100%| O|  |TAMS 0x0000000088400000, 0x0000000088300000| Untracked 
|  64|0x0000000088400000, 0x0000000088500000, 0x0000000088500000|100%| O|  |TAMS 0x0000000088500000, 0x0000000088400000| Untracked 
|  65|0x0000000088500000, 0x0000000088600000, 0x0000000088600000|100%| O|  |TAMS 0x0000000088600000, 0x0000000088500000| Untracked 
|  66|0x0000000088600000, 0x0000000088700000, 0x0000000088700000|100%| O|  |TAMS 0x0000000088700000, 0x0000000088600000| Untracked 
|  67|0x0000000088700000, 0x0000000088800000, 0x0000000088800000|100%| O|  |TAMS 0x0000000088780c00, 0x0000000088700000| Untracked 
|  68|0x0000000088800000, 0x0000000088900000, 0x0000000088900000|100%| O|  |TAMS 0x0000000088800000, 0x0000000088800000| Untracked 
|  69|0x0000000088900000, 0x00000000889dfa00, 0x0000000088a00000| 87%| O|  |TAMS 0x0000000088900000, 0x0000000088900000| Untracked 
|  70|0x0000000088a00000, 0x0000000088a00000, 0x0000000088b00000|  0%| F|  |TAMS 0x0000000088a00000, 0x0000000088a00000| Untracked 
|  71|0x0000000088b00000, 0x0000000088b00000, 0x0000000088c00000|  0%| F|  |TAMS 0x0000000088b00000, 0x0000000088b00000| Untracked 
|  72|0x0000000088c00000, 0x0000000088c00000, 0x0000000088d00000|  0%| F|  |TAMS 0x0000000088c00000, 0x0000000088c00000| Untracked 
|  73|0x0000000088d00000, 0x0000000088d00000, 0x0000000088e00000|  0%| F|  |TAMS 0x0000000088d00000, 0x0000000088d00000| Untracked 
|  74|0x0000000088e00000, 0x0000000088e00000, 0x0000000088f00000|  0%| F|  |TAMS 0x0000000088e00000, 0x0000000088e00000| Untracked 
|  75|0x0000000088f00000, 0x0000000088f00000, 0x0000000089000000|  0%| F|  |TAMS 0x0000000088f00000, 0x0000000088f00000| Untracked 
|  76|0x0000000089000000, 0x0000000089000000, 0x0000000089100000|  0%| F|  |TAMS 0x0000000089000000, 0x0000000089000000| Untracked 
|  77|0x0000000089100000, 0x0000000089100000, 0x0000000089200000|  0%| F|  |TAMS 0x0000000089100000, 0x0000000089100000| Untracked 
|  78|0x0000000089200000, 0x0000000089200000, 0x0000000089300000|  0%| F|  |TAMS 0x0000000089200000, 0x0000000089200000| Untracked 
|  79|0x0000000089300000, 0x0000000089300000, 0x0000000089400000|  0%| F|  |TAMS 0x0000000089300000, 0x0000000089300000| Untracked 
|  80|0x0000000089400000, 0x0000000089400000, 0x0000000089500000|  0%| F|  |TAMS 0x0000000089400000, 0x0000000089400000| Untracked 
|  81|0x0000000089500000, 0x0000000089500000, 0x0000000089600000|  0%| F|  |TAMS 0x0000000089500000, 0x0000000089500000| Untracked 
|  82|0x0000000089600000, 0x0000000089600000, 0x0000000089700000|  0%| F|  |TAMS 0x0000000089600000, 0x0000000089600000| Untracked 
|  83|0x0000000089700000, 0x0000000089700000, 0x0000000089800000|  0%| F|  |TAMS 0x0000000089700000, 0x0000000089700000| Untracked 
|  84|0x0000000089800000, 0x0000000089800000, 0x0000000089900000|  0%| F|  |TAMS 0x0000000089800000, 0x0000000089800000| Untracked 
|  85|0x0000000089900000, 0x0000000089900000, 0x0000000089a00000|  0%| F|  |TAMS 0x0000000089900000, 0x0000000089900000| Untracked 
|  86|0x0000000089a00000, 0x0000000089a00000, 0x0000000089b00000|  0%| F|  |TAMS 0x0000000089a00000, 0x0000000089a00000| Untracked 
|  87|0x0000000089b00000, 0x0000000089b00000, 0x0000000089c00000|  0%| F|  |TAMS 0x0000000089b00000, 0x0000000089b00000| Untracked 
|  88|0x0000000089c00000, 0x0000000089c00000, 0x0000000089d00000|  0%| F|  |TAMS 0x0000000089c00000, 0x0000000089c00000| Untracked 
|  89|0x0000000089d00000, 0x0000000089d00000, 0x0000000089e00000|  0%| F|  |TAMS 0x0000000089d00000, 0x0000000089d00000| Untracked 
|  90|0x0000000089e00000, 0x0000000089e00000, 0x0000000089f00000|  0%| F|  |TAMS 0x0000000089e00000, 0x0000000089e00000| Untracked 
|  91|0x0000000089f00000, 0x0000000089f00000, 0x000000008a000000|  0%| F|  |TAMS 0x0000000089f00000, 0x0000000089f00000| Untracked 
|  92|0x000000008a000000, 0x000000008a000000, 0x000000008a100000|  0%| F|  |TAMS 0x000000008a000000, 0x000000008a000000| Untracked 
|  93|0x000000008a100000, 0x000000008a100000, 0x000000008a200000|  0%| F|  |TAMS 0x000000008a100000, 0x000000008a100000| Untracked 
|  94|0x000000008a200000, 0x000000008a200000, 0x000000008a300000|  0%| F|  |TAMS 0x000000008a200000, 0x000000008a200000| Untracked 
|  95|0x000000008a300000, 0x000000008a300000, 0x000000008a400000|  0%| F|  |TAMS 0x000000008a300000, 0x000000008a300000| Untracked 
|  96|0x000000008a400000, 0x000000008a400000, 0x000000008a500000|  0%| F|  |TAMS 0x000000008a400000, 0x000000008a400000| Untracked 
|  97|0x000000008a500000, 0x000000008a500000, 0x000000008a600000|  0%| F|  |TAMS 0x000000008a500000, 0x000000008a500000| Untracked 
|  98|0x000000008a600000, 0x000000008a600000, 0x000000008a700000|  0%| F|  |TAMS 0x000000008a600000, 0x000000008a600000| Untracked 
|  99|0x000000008a700000, 0x000000008a700000, 0x000000008a800000|  0%| F|  |TAMS 0x000000008a700000, 0x000000008a700000| Untracked 
| 100|0x000000008a800000, 0x000000008a800000, 0x000000008a900000|  0%| F|  |TAMS 0x000000008a800000, 0x000000008a800000| Untracked 
| 101|0x000000008a900000, 0x000000008a900000, 0x000000008aa00000|  0%| F|  |TAMS 0x000000008a900000, 0x000000008a900000| Untracked 
| 102|0x000000008aa00000, 0x000000008aa00000, 0x000000008ab00000|  0%| F|  |TAMS 0x000000008aa00000, 0x000000008aa00000| Untracked 
| 103|0x000000008ab00000, 0x000000008ab00000, 0x000000008ac00000|  0%| F|  |TAMS 0x000000008ab00000, 0x000000008ab00000| Untracked 
| 104|0x000000008ac00000, 0x000000008ac00000, 0x000000008ad00000|  0%| F|  |TAMS 0x000000008ac00000, 0x000000008ac00000| Untracked 
| 105|0x000000008ad00000, 0x000000008ad00000, 0x000000008ae00000|  0%| F|  |TAMS 0x000000008ad00000, 0x000000008ad00000| Untracked 
| 106|0x000000008ae00000, 0x000000008ae00000, 0x000000008af00000|  0%| F|  |TAMS 0x000000008ae00000, 0x000000008ae00000| Untracked 
| 107|0x000000008af00000, 0x000000008b000000, 0x000000008b000000|100%| S|CS|TAMS 0x000000008af00000, 0x000000008af00000| Complete 
| 108|0x000000008b000000, 0x000000008b100000, 0x000000008b100000|100%| S|CS|TAMS 0x000000008b000000, 0x000000008b000000| Complete 
| 109|0x000000008b100000, 0x000000008b200000, 0x000000008b200000|100%| S|CS|TAMS 0x000000008b100000, 0x000000008b100000| Complete 
| 110|0x000000008b200000, 0x000000008b300000, 0x000000008b300000|100%| S|CS|TAMS 0x000000008b200000, 0x000000008b200000| Complete 
| 111|0x000000008b300000, 0x000000008b300000, 0x000000008b400000|  0%| F|  |TAMS 0x000000008b300000, 0x000000008b300000| Untracked 
| 112|0x000000008b400000, 0x000000008b400000, 0x000000008b500000|  0%| F|  |TAMS 0x000000008b400000, 0x000000008b400000| Untracked 
| 113|0x000000008b500000, 0x000000008b500000, 0x000000008b600000|  0%| F|  |TAMS 0x000000008b500000, 0x000000008b500000| Untracked 
| 114|0x000000008b600000, 0x000000008b600000, 0x000000008b700000|  0%| F|  |TAMS 0x000000008b600000, 0x000000008b600000| Untracked 
| 115|0x000000008b700000, 0x000000008b700000, 0x000000008b800000|  0%| F|  |TAMS 0x000000008b700000, 0x000000008b700000| Untracked 
| 116|0x000000008b800000, 0x000000008b900000, 0x000000008b900000|100%| S|CS|TAMS 0x000000008b800000, 0x000000008b800000| Complete 
| 117|0x000000008b900000, 0x000000008ba00000, 0x000000008ba00000|100%| S|CS|TAMS 0x000000008b900000, 0x000000008b900000| Complete 
| 118|0x000000008ba00000, 0x000000008bb00000, 0x000000008bb00000|100%| S|CS|TAMS 0x000000008ba00000, 0x000000008ba00000| Complete 
| 119|0x000000008bb00000, 0x000000008bc00000, 0x000000008bc00000|100%| S|CS|TAMS 0x000000008bb00000, 0x000000008bb00000| Complete 
| 120|0x000000008bc00000, 0x000000008bd00000, 0x000000008bd00000|100%| S|CS|TAMS 0x000000008bc00000, 0x000000008bc00000| Complete 
| 121|0x000000008bd00000, 0x000000008bd00000, 0x000000008be00000|  0%| F|  |TAMS 0x000000008bd00000, 0x000000008bd00000| Untracked 
| 122|0x000000008be00000, 0x000000008be00000, 0x000000008bf00000|  0%| F|  |TAMS 0x000000008be00000, 0x000000008be00000| Untracked 
| 123|0x000000008bf00000, 0x000000008bf00000, 0x000000008c000000|  0%| F|  |TAMS 0x000000008bf00000, 0x000000008bf00000| Untracked 
| 124|0x000000008c000000, 0x000000008c000000, 0x000000008c100000|  0%| F|  |TAMS 0x000000008c000000, 0x000000008c000000| Untracked 
| 125|0x000000008c100000, 0x000000008c100000, 0x000000008c200000|  0%| F|  |TAMS 0x000000008c100000, 0x000000008c100000| Untracked 
| 126|0x000000008c200000, 0x000000008c200000, 0x000000008c300000|  0%| F|  |TAMS 0x000000008c200000, 0x000000008c200000| Untracked 
| 127|0x000000008c300000, 0x000000008c300000, 0x000000008c400000|  0%| F|  |TAMS 0x000000008c300000, 0x000000008c300000| Untracked 
| 128|0x000000008c400000, 0x000000008c400000, 0x000000008c500000|  0%| F|  |TAMS 0x000000008c400000, 0x000000008c400000| Untracked 
| 129|0x000000008c500000, 0x000000008c500000, 0x000000008c600000|  0%| F|  |TAMS 0x000000008c500000, 0x000000008c500000| Untracked 
| 130|0x000000008c600000, 0x000000008c600000, 0x000000008c700000|  0%| F|  |TAMS 0x000000008c600000, 0x000000008c600000| Untracked 
| 131|0x000000008c700000, 0x000000008c700000, 0x000000008c800000|  0%| F|  |TAMS 0x000000008c700000, 0x000000008c700000| Untracked 
| 132|0x000000008c800000, 0x000000008c800000, 0x000000008c900000|  0%| F|  |TAMS 0x000000008c800000, 0x000000008c800000| Untracked 
| 133|0x000000008c900000, 0x000000008c900000, 0x000000008ca00000|  0%| F|  |TAMS 0x000000008c900000, 0x000000008c900000| Untracked 
| 134|0x000000008ca00000, 0x000000008ca00000, 0x000000008cb00000|  0%| F|  |TAMS 0x000000008ca00000, 0x000000008ca00000| Untracked 
| 135|0x000000008cb00000, 0x000000008cb00000, 0x000000008cc00000|  0%| F|  |TAMS 0x000000008cb00000, 0x000000008cb00000| Untracked 
| 136|0x000000008cc00000, 0x000000008cc00000, 0x000000008cd00000|  0%| F|  |TAMS 0x000000008cc00000, 0x000000008cc00000| Untracked 
| 137|0x000000008cd00000, 0x000000008cd00000, 0x000000008ce00000|  0%| F|  |TAMS 0x000000008cd00000, 0x000000008cd00000| Untracked 
| 138|0x000000008ce00000, 0x000000008ce00000, 0x000000008cf00000|  0%| F|  |TAMS 0x000000008ce00000, 0x000000008ce00000| Untracked 
| 139|0x000000008cf00000, 0x000000008cf00000, 0x000000008d000000|  0%| F|  |TAMS 0x000000008cf00000, 0x000000008cf00000| Untracked 
| 140|0x000000008d000000, 0x000000008d000000, 0x000000008d100000|  0%| F|  |TAMS 0x000000008d000000, 0x000000008d000000| Untracked 
| 141|0x000000008d100000, 0x000000008d100000, 0x000000008d200000|  0%| F|  |TAMS 0x000000008d100000, 0x000000008d100000| Untracked 
| 142|0x000000008d200000, 0x000000008d200000, 0x000000008d300000|  0%| F|  |TAMS 0x000000008d200000, 0x000000008d200000| Untracked 
| 143|0x000000008d300000, 0x000000008d300000, 0x000000008d400000|  0%| F|  |TAMS 0x000000008d300000, 0x000000008d300000| Untracked 
| 144|0x000000008d400000, 0x000000008d400000, 0x000000008d500000|  0%| F|  |TAMS 0x000000008d400000, 0x000000008d400000| Untracked 
| 145|0x000000008d500000, 0x000000008d500000, 0x000000008d600000|  0%| F|  |TAMS 0x000000008d500000, 0x000000008d500000| Untracked 
| 146|0x000000008d600000, 0x000000008d600000, 0x000000008d700000|  0%| F|  |TAMS 0x000000008d600000, 0x000000008d600000| Untracked 
| 147|0x000000008d700000, 0x000000008d700000, 0x000000008d800000|  0%| F|  |TAMS 0x000000008d700000, 0x000000008d700000| Untracked 
| 148|0x000000008d800000, 0x000000008d800000, 0x000000008d900000|  0%| F|  |TAMS 0x000000008d800000, 0x000000008d800000| Untracked 
| 149|0x000000008d900000, 0x000000008d900000, 0x000000008da00000|  0%| F|  |TAMS 0x000000008d900000, 0x000000008d900000| Untracked 
| 150|0x000000008da00000, 0x000000008da00000, 0x000000008db00000|  0%| F|  |TAMS 0x000000008da00000, 0x000000008da00000| Untracked 
| 151|0x000000008db00000, 0x000000008db00000, 0x000000008dc00000|  0%| F|  |TAMS 0x000000008db00000, 0x000000008db00000| Untracked 
| 152|0x000000008dc00000, 0x000000008dc00000, 0x000000008dd00000|  0%| F|  |TAMS 0x000000008dc00000, 0x000000008dc00000| Untracked 
| 153|0x000000008dd00000, 0x000000008dd00000, 0x000000008de00000|  0%| F|  |TAMS 0x000000008dd00000, 0x000000008dd00000| Untracked 
| 154|0x000000008de00000, 0x000000008de00000, 0x000000008df00000|  0%| F|  |TAMS 0x000000008de00000, 0x000000008de00000| Untracked 
| 155|0x000000008df00000, 0x000000008df00000, 0x000000008e000000|  0%| F|  |TAMS 0x000000008df00000, 0x000000008df00000| Untracked 
| 156|0x000000008e000000, 0x000000008e000000, 0x000000008e100000|  0%| F|  |TAMS 0x000000008e000000, 0x000000008e000000| Untracked 
| 157|0x000000008e100000, 0x000000008e100000, 0x000000008e200000|  0%| F|  |TAMS 0x000000008e100000, 0x000000008e100000| Untracked 
| 158|0x000000008e200000, 0x000000008e200000, 0x000000008e300000|  0%| F|  |TAMS 0x000000008e200000, 0x000000008e200000| Untracked 
| 159|0x000000008e300000, 0x000000008e300000, 0x000000008e400000|  0%| F|  |TAMS 0x000000008e300000, 0x000000008e300000| Untracked 
| 160|0x000000008e400000, 0x000000008e400000, 0x000000008e500000|  0%| F|  |TAMS 0x000000008e400000, 0x000000008e400000| Untracked 
| 161|0x000000008e500000, 0x000000008e500000, 0x000000008e600000|  0%| F|  |TAMS 0x000000008e500000, 0x000000008e500000| Untracked 
| 162|0x000000008e600000, 0x000000008e600000, 0x000000008e700000|  0%| F|  |TAMS 0x000000008e600000, 0x000000008e600000| Untracked 
| 163|0x000000008e700000, 0x000000008e700000, 0x000000008e800000|  0%| F|  |TAMS 0x000000008e700000, 0x000000008e700000| Untracked 
| 164|0x000000008e800000, 0x000000008e800000, 0x000000008e900000|  0%| F|  |TAMS 0x000000008e800000, 0x000000008e800000| Untracked 
| 165|0x000000008e900000, 0x000000008e900000, 0x000000008ea00000|  0%| F|  |TAMS 0x000000008e900000, 0x000000008e900000| Untracked 
| 166|0x000000008ea00000, 0x000000008ea00000, 0x000000008eb00000|  0%| F|  |TAMS 0x000000008ea00000, 0x000000008ea00000| Untracked 
| 167|0x000000008eb00000, 0x000000008eb00000, 0x000000008ec00000|  0%| F|  |TAMS 0x000000008eb00000, 0x000000008eb00000| Untracked 
| 168|0x000000008ec00000, 0x000000008ec00000, 0x000000008ed00000|  0%| F|  |TAMS 0x000000008ec00000, 0x000000008ec00000| Untracked 
| 169|0x000000008ed00000, 0x000000008ed00000, 0x000000008ee00000|  0%| F|  |TAMS 0x000000008ed00000, 0x000000008ed00000| Untracked 
| 170|0x000000008ee00000, 0x000000008ee00000, 0x000000008ef00000|  0%| F|  |TAMS 0x000000008ee00000, 0x000000008ee00000| Untracked 
| 171|0x000000008ef00000, 0x000000008ef00000, 0x000000008f000000|  0%| F|  |TAMS 0x000000008ef00000, 0x000000008ef00000| Untracked 
| 172|0x000000008f000000, 0x000000008f000000, 0x000000008f100000|  0%| F|  |TAMS 0x000000008f000000, 0x000000008f000000| Untracked 
| 173|0x000000008f100000, 0x000000008f100000, 0x000000008f200000|  0%| F|  |TAMS 0x000000008f100000, 0x000000008f100000| Untracked 
| 174|0x000000008f200000, 0x000000008f200000, 0x000000008f300000|  0%| F|  |TAMS 0x000000008f200000, 0x000000008f200000| Untracked 
| 175|0x000000008f300000, 0x000000008f300000, 0x000000008f400000|  0%| F|  |TAMS 0x000000008f300000, 0x000000008f300000| Untracked 
| 176|0x000000008f400000, 0x000000008f400000, 0x000000008f500000|  0%| F|  |TAMS 0x000000008f400000, 0x000000008f400000| Untracked 
| 177|0x000000008f500000, 0x000000008f580800, 0x000000008f600000| 50%| E|  |TAMS 0x000000008f500000, 0x000000008f500000| Complete 
| 178|0x000000008f600000, 0x000000008f700000, 0x000000008f700000|100%| E|CS|TAMS 0x000000008f600000, 0x000000008f600000| Complete 
| 179|0x000000008f700000, 0x000000008f800000, 0x000000008f800000|100%| E|CS|TAMS 0x000000008f700000, 0x000000008f700000| Complete 

Card table byte_map: [0x000002001a7b0000,0x000002001ab90000] _byte_map_base: 0x000002001a38e000

Marking Bits (Prev, Next): (CMBitMap*) 0x00000200033b8e30, (CMBitMap*) 0x00000200033b8df0
 Prev Bits: [0x000002001ce60000, 0x000002001ed50000)
 Next Bits: [0x000002001af70000, 0x000002001ce60000)

Polling page: 0x00000200012c0000

Metaspace:

Usage:
  Non-class:     51.83 MB used.
      Class:      6.73 MB used.
       Both:     58.57 MB used.

Virtual space:
  Non-class space:       64.00 MB reserved,      52.06 MB ( 81%) committed,  1 nodes.
      Class space:        1.00 GB reserved,       6.88 MB ( <1%) committed,  1 nodes.
             Both:        1.06 GB reserved,      58.94 MB (  5%) committed. 

Chunk freelists:
   Non-Class:  11.94 MB
       Class:  9.06 MB
        Both:  21.00 MB

MaxMetaspaceSize: unlimited
CompressedClassSpaceSize: 1.00 GB
Initial GC threshold: 21.00 MB
Current GC threshold: 98.25 MB
CDS: on
MetaspaceReclaimPolicy: balanced
 - commit_granule_bytes: 65536.
 - commit_granule_words: 8192.
 - virtual_space_node_default_size: 8388608.
 - enlarge_chunks_in_place: 1.
 - new_chunks_are_fully_committed: 0.
 - uncommit_free_chunks: 1.
 - use_allocation_guard: 0.
 - handle_deallocations: 1.


Internal statistics:

num_allocs_failed_limit: 9.
num_arena_births: 352.
num_arena_deaths: 0.
num_vsnodes_births: 2.
num_vsnodes_deaths: 0.
num_space_committed: 941.
num_space_uncommitted: 0.
num_chunks_returned_to_freelist: 9.
num_chunks_taken_from_freelist: 2513.
num_chunk_merges: 9.
num_chunk_splits: 1985.
num_chunks_enlarged: 1711.
num_inconsistent_stats: 0.

CodeHeap 'non-profiled nmethods': size=120000Kb used=5445Kb max_used=5715Kb free=114554Kb
 bounds [0x0000020012940000, 0x0000020012ee0000, 0x0000020019e70000]
CodeHeap 'profiled nmethods': size=120000Kb used=27506Kb max_used=27506Kb free=92493Kb
 bounds [0x000002000ae70000, 0x000002000c990000, 0x00000200123a0000]
CodeHeap 'non-nmethods': size=5760Kb used=1319Kb max_used=1409Kb free=4440Kb
 bounds [0x00000200123a0000, 0x0000020012610000, 0x0000020012940000]
 total_blobs=10236 nmethods=9602 adapters=543
 compilation: enabled
              stopped_count=0, restarted_count=0
 full_count=0

Compilation events (20 events):
Event: 27.168 Thread 0x00000200217bc020 nmethod 11771 0x000002000bbdf090 code [0x000002000bbdf220, 0x000002000bbdf418]
Event: 27.172 Thread 0x00000200217bc020 11772       3       org.jetbrains.kotlin.resolve.calls.components.CheckSuperExpressionCallPart::process (100 bytes)
Event: 27.174 Thread 0x00000200217bc020 nmethod 11772 0x000002000c0e3d90 code [0x000002000c0e40c0, 0x000002000c0e58d8]
Event: 27.175 Thread 0x00000200217bc020 11773       3       org.jetbrains.kotlin.resolve.calls.util.CallUtilKt::extractCallableReferenceExpression (26 bytes)
Event: 27.176 Thread 0x00000200217bc020 nmethod 11773 0x000002000c128a10 code [0x000002000c128c60, 0x000002000c129428]
Event: 27.176 Thread 0x00000200217bc020 11774       3       org.jetbrains.kotlin.resolve.calls.util.CallUtilKt::asCallableReferenceExpression (49 bytes)
Event: 27.177 Thread 0x00000200217bc020 nmethod 11774 0x000002000b6f5810 code [0x000002000b6f5ae0, 0x000002000b6f69a8]
Event: 27.179 Thread 0x00000200217bc020 11775       3       org.jetbrains.kotlin.resolve.calls.checkers.NullableVarargArgumentCallChecker::check (344 bytes)
Event: 27.182 Thread 0x00000200217bc020 nmethod 11775 0x000002000c949310 code [0x000002000c949940, 0x000002000c94d3d8]
Event: 27.182 Thread 0x00000200217bc020 11790       3       org.jetbrains.kotlin.resolve.calls.checkers.NewSchemeOfIntegerOperatorResolutionChecker::check (242 bytes)
Event: 27.185 Thread 0x00000200217bc020 nmethod 11790 0x000002000c94e310 code [0x000002000c94ea00, 0x000002000c952478]
Event: 27.185 Thread 0x00000200217bc020 11778       3       kotlin.collections.CollectionsKt___CollectionsJvmKt::filterIsInstanceTo (65 bytes)
Event: 27.187 Thread 0x00000200217bc020 nmethod 11778 0x000002000c341210 code [0x000002000c341560, 0x000002000c342918]
Event: 27.187 Thread 0x00000200217bc020 11776       3       org.jetbrains.kotlin.resolve.calls.checkers.NamedFunAsExpressionChecker::check (179 bytes)
Event: 27.190 Thread 0x00000200217bc020 nmethod 11776 0x000002000c953710 code [0x000002000c953de0, 0x000002000c957b78]
Event: 27.190 Thread 0x00000200217bc020 11780       3       org.jetbrains.kotlin.resolve.calls.checkers.ReifiedTypeParameterSubstitutionChecker::check (206 bytes)
Event: 27.192 Thread 0x00000200217bc020 nmethod 11780 0x000002000b709f90 code [0x000002000b70a3e0, 0x000002000b70c6d8]
Event: 27.193 Thread 0x00000200217bc020 11777       3       kotlin.collections.CollectionsKt___CollectionsJvmKt::filterIsInstance (31 bytes)
Event: 27.193 Thread 0x00000200217bc020 nmethod 11777 0x000002000c19e290 code [0x000002000c19e560, 0x000002000c19f328]
Event: 27.193 Thread 0x00000200217bc020 11779       3       org.jetbrains.kotlin.resolve.calls.checkers.ContractNotAllowedCallChecker::check (534 bytes)

GC Heap History (20 events):
Event: 10.788 GC heap before
{Heap before GC invocations=8 (full 0):
 garbage-first heap   total 61440K, used 30286K [0x0000000084400000, 0x0000000100000000)
  region size 1024K, 6 young (6144K), 2 survivors (2048K)
 Metaspace       used 35715K, committed 35968K, reserved 1114112K
  class space    used 4410K, committed 4544K, reserved 1048576K
}
Event: 10.794 GC heap after
{Heap after GC invocations=9 (full 0):
 garbage-first heap   total 61440K, used 28042K [0x0000000084400000, 0x0000000100000000)
  region size 1024K, 1 young (1024K), 1 survivors (1024K)
 Metaspace       used 35715K, committed 35968K, reserved 1114112K
  class space    used 4410K, committed 4544K, reserved 1048576K
}
Event: 11.735 GC heap before
{Heap before GC invocations=10 (full 0):
 garbage-first heap   total 61440K, used 49546K [0x0000000084400000, 0x0000000100000000)
  region size 1024K, 20 young (20480K), 1 survivors (1024K)
 Metaspace       used 38984K, committed 39168K, reserved 1114112K
  class space    used 4797K, committed 4864K, reserved 1048576K
}
Event: 11.744 GC heap after
{Heap after GC invocations=11 (full 0):
 garbage-first heap   total 61440K, used 33485K [0x0000000084400000, 0x0000000100000000)
  region size 1024K, 3 young (3072K), 3 survivors (3072K)
 Metaspace       used 38984K, committed 39168K, reserved 1114112K
  class space    used 4797K, committed 4864K, reserved 1048576K
}
Event: 11.773 GC heap before
{Heap before GC invocations=11 (full 0):
 garbage-first heap   total 61440K, used 34509K [0x0000000084400000, 0x0000000100000000)
  region size 1024K, 4 young (4096K), 3 survivors (3072K)
 Metaspace       used 39174K, committed 39424K, reserved 1114112K
  class space    used 4817K, committed 4928K, reserved 1048576K
}
Event: 11.780 GC heap after
{Heap after GC invocations=12 (full 0):
 garbage-first heap   total 110592K, used 33428K [0x0000000084400000, 0x0000000100000000)
  region size 1024K, 1 young (1024K), 1 survivors (1024K)
 Metaspace       used 39174K, committed 39424K, reserved 1114112K
  class space    used 4817K, committed 4928K, reserved 1048576K
}
Event: 13.103 GC heap before
{Heap before GC invocations=12 (full 0):
 garbage-first heap   total 110592K, used 79508K [0x0000000084400000, 0x0000000100000000)
  region size 1024K, 45 young (46080K), 1 survivors (1024K)
 Metaspace       used 42202K, committed 42496K, reserved 1114112K
  class space    used 5108K, committed 5248K, reserved 1048576K
}
Event: 13.124 GC heap after
{Heap after GC invocations=13 (full 0):
 garbage-first heap   total 110592K, used 38795K [0x0000000084400000, 0x0000000100000000)
  region size 1024K, 6 young (6144K), 6 survivors (6144K)
 Metaspace       used 42202K, committed 42496K, reserved 1114112K
  class space    used 5108K, committed 5248K, reserved 1048576K
}
Event: 15.269 GC heap before
{Heap before GC invocations=13 (full 0):
 garbage-first heap   total 110592K, used 77707K [0x0000000084400000, 0x0000000100000000)
  region size 1024K, 44 young (45056K), 6 survivors (6144K)
 Metaspace       used 49111K, committed 49472K, reserved 1114112K
  class space    used 5972K, committed 6144K, reserved 1048576K
}
Event: 15.294 GC heap after
{Heap after GC invocations=14 (full 0):
 garbage-first heap   total 110592K, used 43760K [0x0000000084400000, 0x0000000100000000)
  region size 1024K, 5 young (5120K), 5 survivors (5120K)
 Metaspace       used 49111K, committed 49472K, reserved 1114112K
  class space    used 5972K, committed 6144K, reserved 1048576K
}
Event: 17.800 GC heap before
{Heap before GC invocations=14 (full 0):
 garbage-first heap   total 110592K, used 81648K [0x0000000084400000, 0x0000000100000000)
  region size 1024K, 42 young (43008K), 5 survivors (5120K)
 Metaspace       used 51307K, committed 51584K, reserved 1114112K
  class space    used 6069K, committed 6208K, reserved 1048576K
}
Event: 17.828 GC heap after
{Heap after GC invocations=15 (full 0):
 garbage-first heap   total 110592K, used 50572K [0x0000000084400000, 0x0000000100000000)
  region size 1024K, 6 young (6144K), 6 survivors (6144K)
 Metaspace       used 51307K, committed 51584K, reserved 1114112K
  class space    used 6069K, committed 6208K, reserved 1048576K
}
Event: 18.789 GC heap before
{Heap before GC invocations=15 (full 0):
 garbage-first heap   total 110592K, used 83340K [0x0000000084400000, 0x0000000100000000)
  region size 1024K, 38 young (38912K), 6 survivors (6144K)
 Metaspace       used 51991K, committed 52352K, reserved 1114112K
  class space    used 6161K, committed 6336K, reserved 1048576K
}
Event: 18.832 GC heap after
{Heap after GC invocations=16 (full 0):
 garbage-first heap   total 184320K, used 56810K [0x0000000084400000, 0x0000000100000000)
  region size 1024K, 5 young (5120K), 5 survivors (5120K)
 Metaspace       used 51991K, committed 52352K, reserved 1114112K
  class space    used 6161K, committed 6336K, reserved 1048576K
}
Event: 20.426 GC heap before
{Heap before GC invocations=16 (full 0):
 garbage-first heap   total 184320K, used 133610K [0x0000000084400000, 0x0000000100000000)
  region size 1024K, 80 young (81920K), 5 survivors (5120K)
 Metaspace       used 53145K, committed 53504K, reserved 1114112K
  class space    used 6269K, committed 6464K, reserved 1048576K
}
Event: 20.455 GC heap after
{Heap after GC invocations=17 (full 0):
 garbage-first heap   total 184320K, used 67489K [0x0000000084400000, 0x0000000100000000)
  region size 1024K, 10 young (10240K), 10 survivors (10240K)
 Metaspace       used 53145K, committed 53504K, reserved 1114112K
  class space    used 6269K, committed 6464K, reserved 1048576K
}
Event: 22.586 GC heap before
{Heap before GC invocations=17 (full 0):
 garbage-first heap   total 184320K, used 134049K [0x0000000084400000, 0x0000000100000000)
  region size 1024K, 74 young (75776K), 10 survivors (10240K)
 Metaspace       used 55670K, committed 56000K, reserved 1114112K
  class space    used 6496K, committed 6656K, reserved 1048576K
}
Event: 22.605 GC heap after
{Heap after GC invocations=18 (full 0):
 garbage-first heap   total 184320K, used 73219K [0x0000000084400000, 0x0000000100000000)
  region size 1024K, 5 young (5120K), 5 survivors (5120K)
 Metaspace       used 55670K, committed 56000K, reserved 1114112K
  class space    used 6496K, committed 6656K, reserved 1048576K
}
Event: 26.843 GC heap before
{Heap before GC invocations=18 (full 0):
 garbage-first heap   total 184320K, used 132611K [0x0000000084400000, 0x0000000100000000)
  region size 1024K, 64 young (65536K), 5 survivors (5120K)
 Metaspace       used 59964K, committed 60288K, reserved 1114112K
  class space    used 6889K, committed 7040K, reserved 1048576K
}
Event: 26.865 GC heap after
{Heap after GC invocations=19 (full 0):
 garbage-first heap   total 184320K, used 80766K [0x0000000084400000, 0x0000000100000000)
  region size 1024K, 9 young (9216K), 9 survivors (9216K)
 Metaspace       used 59964K, committed 60288K, reserved 1114112K
  class space    used 6889K, committed 7040K, reserved 1048576K
}

Dll operation events (7 events):
Event: 0.010 Loaded shared library C:\Program Files\Microsoft\jdk-17.0.10.7-hotspot\bin\java.dll
Event: 0.042 Loaded shared library C:\Program Files\Microsoft\jdk-17.0.10.7-hotspot\bin\jsvml.dll
Event: 0.143 Loaded shared library C:\Program Files\Microsoft\jdk-17.0.10.7-hotspot\bin\net.dll
Event: 0.146 Loaded shared library C:\Program Files\Microsoft\jdk-17.0.10.7-hotspot\bin\nio.dll
Event: 0.197 Loaded shared library C:\Program Files\Microsoft\jdk-17.0.10.7-hotspot\bin\zip.dll
Event: 0.268 Loaded shared library C:\Program Files\Microsoft\jdk-17.0.10.7-hotspot\bin\jimage.dll
Event: 2.592 Loaded shared library C:\Program Files\Microsoft\jdk-17.0.10.7-hotspot\bin\verify.dll

Deoptimization events (20 events):
Event: 26.410 Thread 0x00000200033592c0 Uncommon trap: trap_request=0xffffffc6 fr.pc=0x0000020012e2b1f0 relative=0x00000000000002d0
Event: 26.410 Thread 0x00000200033592c0 Uncommon trap: reason=bimorphic_or_optimized_type_check action=maybe_recompile pc=0x0000020012e2b1f0 method=org.jetbrains.kotlin.types.IndexedParametersSubstitution.get(Lorg/jetbrains/kotlin/types/KotlinType;)Lorg/jetbrains/kotlin/types/TypeProjection; @ 
Event: 26.410 Thread 0x00000200033592c0 DEOPT PACKING pc=0x0000020012e2b1f0 sp=0x0000001138bf5700
Event: 26.410 Thread 0x00000200033592c0 DEOPT UNPACKING pc=0x00000200123f69a3 sp=0x0000001138bf5688 mode 2
Event: 26.410 Thread 0x00000200033592c0 Uncommon trap: trap_request=0xffffffc6 fr.pc=0x0000020012e2b1f0 relative=0x00000000000002d0
Event: 26.410 Thread 0x00000200033592c0 Uncommon trap: reason=bimorphic_or_optimized_type_check action=maybe_recompile pc=0x0000020012e2b1f0 method=org.jetbrains.kotlin.types.IndexedParametersSubstitution.get(Lorg/jetbrains/kotlin/types/KotlinType;)Lorg/jetbrains/kotlin/types/TypeProjection; @ 
Event: 26.410 Thread 0x00000200033592c0 DEOPT PACKING pc=0x0000020012e2b1f0 sp=0x0000001138bf58b0
Event: 26.410 Thread 0x00000200033592c0 DEOPT UNPACKING pc=0x00000200123f69a3 sp=0x0000001138bf5838 mode 2
Event: 26.646 Thread 0x00000200033592c0 Uncommon trap: trap_request=0xffffff45 fr.pc=0x0000020012e1a51c relative=0x0000000000003cdc
Event: 26.655 Thread 0x00000200033592c0 Uncommon trap: reason=unstable_if action=reinterpret pc=0x0000020012e1a51c method=org.jetbrains.kotlin.types.TypeSubstitutionKt.replace$default(Lorg/jetbrains/kotlin/types/KotlinType;Ljava/util/List;Lorg/jetbrains/kotlin/descriptors/annotations/Annotation
Event: 26.655 Thread 0x00000200033592c0 DEOPT PACKING pc=0x0000020012e1a51c sp=0x0000001138bfad30
Event: 26.655 Thread 0x00000200033592c0 DEOPT UNPACKING pc=0x00000200123f69a3 sp=0x0000001138bfad50 mode 2
Event: 26.975 Thread 0x00000200033592c0 Uncommon trap: trap_request=0xffffff45 fr.pc=0x0000020012baaf60 relative=0x0000000000000180
Event: 26.975 Thread 0x00000200033592c0 Uncommon trap: reason=unstable_if action=reinterpret pc=0x0000020012baaf60 method=org.jetbrains.kotlin.psi.KtPsiUtil.deparenthesizeOnce(Lorg/jetbrains/kotlin/psi/KtExpression;Z)Lorg/jetbrains/kotlin/psi/KtExpression; @ 4 c2
Event: 26.975 Thread 0x00000200033592c0 DEOPT PACKING pc=0x0000020012baaf60 sp=0x0000001138bfd8a0
Event: 26.975 Thread 0x00000200033592c0 DEOPT UNPACKING pc=0x00000200123f69a3 sp=0x0000001138bfd768 mode 2
Event: 27.058 Thread 0x00000200033592c0 Uncommon trap: trap_request=0xffffff45 fr.pc=0x0000020012a06cd0 relative=0x00000000000000b0
Event: 27.058 Thread 0x00000200033592c0 Uncommon trap: reason=unstable_if action=reinterpret pc=0x0000020012a06cd0 method=org.jetbrains.kotlin.psi.KtPsiUtil.deparenthesizeOnce(Lorg/jetbrains/kotlin/psi/KtExpression;Z)Lorg/jetbrains/kotlin/psi/KtExpression; @ 4 c2
Event: 27.058 Thread 0x00000200033592c0 DEOPT PACKING pc=0x0000020012a06cd0 sp=0x0000001138bfd670
Event: 27.058 Thread 0x00000200033592c0 DEOPT UNPACKING pc=0x00000200123f69a3 sp=0x0000001138bfd600 mode 2

Classes unloaded (0 events):
No events

Classes redefined (0 events):
No events

Internal exceptions (20 events):
Event: 20.120 Thread 0x00000200033592c0 Implicit null exception at 0x0000020012bc3ca4 to 0x0000020012bcac94
Event: 20.120 Thread 0x00000200033592c0 Implicit null exception at 0x0000020012bc3ca4 to 0x0000020012bcac94
Event: 20.120 Thread 0x00000200033592c0 Implicit null exception at 0x0000020012bc3ca4 to 0x0000020012bcac94
Event: 20.120 Thread 0x00000200033592c0 Implicit null exception at 0x0000020012bc3ca4 to 0x0000020012bcac94
Event: 20.120 Thread 0x00000200033592c0 Implicit null exception at 0x0000020012be95b3 to 0x0000020012bed99c
Event: 20.128 Thread 0x00000200033592c0 Implicit null exception at 0x0000020012bd3442 to 0x0000020012bd372c
Event: 20.331 Thread 0x00000200033592c0 Implicit null exception at 0x0000020012b9f5f9 to 0x0000020012b9f975
Event: 21.245 Thread 0x00000200033592c0 Exception <a 'java/lang/NoSuchMethodError'{0x000000008d21d898}: 'java.lang.Object java.lang.invoke.DirectMethodHandle$Holder.newInvokeSpecial(java.lang.Object, java.lang.Object, java.lang.Object, java.lang.Object, java.lang.Object, java.lang.Object, java.lang.Object)'> (0x000000008d21d898) 
thrown [s\src\hotspot\share\interpreter\linkResolver.cpp, line 759]
Event: 21.245 Thread 0x00000200033592c0 Exception <a 'java/lang/NoSuchMethodError'{0x000000008d222450}: 'java.lang.Object java.lang.invoke.Invokers$Holder.linkToTargetMethod(java.lang.Object, java.lang.Object, java.lang.Object, java.lang.Object, java.lang.Object, java.lang.Object, java.lang.Object)'> (0x000000008d222450) 
thrown [s\src\hotspot\share\interpreter\linkResolver.cpp, line 759]
Event: 22.739 Thread 0x00000200033592c0 Exception <a 'java/lang/NoSuchMethodError'{0x000000008f161988}: 'java.lang.Object java.lang.invoke.DirectMethodHandle$Holder.invokeInterface(java.lang.Object, java.lang.Object, java.lang.Object)'> (0x000000008f161988) 
thrown [s\src\hotspot\share\interpreter\linkResolver.cpp, line 759]
Event: 22.741 Thread 0x00000200033592c0 Exception <a 'java/lang/IncompatibleClassChangeError'{0x000000008f165848}: Found class java.lang.Object, but interface was expected> (0x000000008f165848) 
thrown [s\src\hotspot\share\interpreter\linkResolver.cpp, line 826]
Event: 22.968 Thread 0x00000200033592c0 Implicit null exception at 0x0000020012c2cff4 to 0x0000020012c2e968
Event: 23.525 Thread 0x00000200033592c0 Exception <a 'java/lang/NoSuchMethodError'{0x000000008e6c0b98}: 'int java.lang.invoke.DirectMethodHandle$Holder.invokeStaticInit(java.lang.Object, int)'> (0x000000008e6c0b98) 
thrown [s\src\hotspot\share\interpreter\linkResolver.cpp, line 759]
Event: 23.676 Thread 0x00000200033592c0 Implicit null exception at 0x000002001295bc55 to 0x000002001295c204
Event: 23.704 Thread 0x00000200033592c0 Implicit null exception at 0x000002001295cd52 to 0x000002001295d2f4
Event: 23.859 Thread 0x00000200033592c0 Implicit null exception at 0x0000020012b3b3a4 to 0x0000020012b3b69c
Event: 25.450 Thread 0x00000200033592c0 Implicit null exception at 0x0000020012ba8edc to 0x0000020012ba9d04
Event: 25.688 Thread 0x00000200033592c0 Implicit null exception at 0x00000200129a0758 to 0x00000200129a07ee
Event: 26.046 Thread 0x00000200033592c0 Exception <a 'java/lang/NoSuchMethodError'{0x000000008c2fa1e8}: 'java.lang.Object java.lang.invoke.DirectMethodHandle$Holder.newInvokeSpecial(java.lang.Object, int, java.lang.Object, java.lang.Object)'> (0x000000008c2fa1e8) 
thrown [s\src\hotspot\share\interpreter\linkResolver.cpp, line 759]
Event: 26.047 Thread 0x00000200033592c0 Exception <a 'java/lang/NoSuchMethodError'{0x000000008c2ff3d8}: 'java.lang.Object java.lang.invoke.DirectMethodHandle$Holder.invokeSpecial(java.lang.Object, java.lang.Object, int, java.lang.Object, java.lang.Object)'> (0x000000008c2ff3d8) 
thrown [s\src\hotspot\share\interpreter\linkResolver.cpp, line 759]

VM Operations (20 events):
Event: 26.265 Executing VM operation: HandshakeAllThreads
Event: 26.265 Executing VM operation: HandshakeAllThreads done
Event: 26.326 Executing VM operation: HandshakeAllThreads
Event: 26.326 Executing VM operation: HandshakeAllThreads done
Event: 26.329 Executing VM operation: HandshakeAllThreads
Event: 26.329 Executing VM operation: HandshakeAllThreads done
Event: 26.329 Executing VM operation: HandshakeAllThreads
Event: 26.329 Executing VM operation: HandshakeAllThreads done
Event: 26.338 Executing VM operation: HandshakeAllThreads
Event: 26.338 Executing VM operation: HandshakeAllThreads done
Event: 26.405 Executing VM operation: HandshakeAllThreads
Event: 26.405 Executing VM operation: HandshakeAllThreads done
Event: 26.611 Executing VM operation: ICBufferFull
Event: 26.612 Executing VM operation: ICBufferFull done
Event: 26.842 Executing VM operation: CollectForMetadataAllocation
Event: 26.867 Executing VM operation: CollectForMetadataAllocation done
Event: 26.921 Executing VM operation: G1PauseRemark
Event: 26.932 Executing VM operation: G1PauseRemark done
Event: 26.954 Executing VM operation: G1PauseCleanup
Event: 26.954 Executing VM operation: G1PauseCleanup done

Events (20 events):
Event: 25.575 Thread 0x00000200217bd940 flushing nmethod 0x000002000c242390
Event: 25.575 Thread 0x00000200217bd940 flushing nmethod 0x000002000c341210
Event: 25.575 Thread 0x00000200217bd940 flushing nmethod 0x000002000c347190
Event: 25.575 Thread 0x00000200217bd940 flushing nmethod 0x000002000c365810
Event: 25.576 Thread 0x00000200217bd940 flushing nmethod 0x000002000c42be10
Event: 25.577 Thread 0x00000200217bd940 flushing nmethod 0x000002000c4e3e10
Event: 25.577 Thread 0x00000200217bd940 flushing nmethod 0x000002000c50a290
Event: 25.577 Thread 0x00000200217bd940 flushing nmethod 0x000002000c527610
Event: 25.578 Thread 0x00000200217bd940 flushing nmethod 0x000002000c599110
Event: 25.984 Thread 0x000002006b6e23f0 Thread exited: 0x000002006b6e23f0
Event: 26.331 Thread 0x00000200217bd940 flushing nmethod 0x0000020012ba8a90
Event: 26.340 Thread 0x00000200217bd940 flushing nmethod 0x000002000b17b990
Event: 26.347 Thread 0x00000200217bd940 flushing nmethod 0x000002000b752910
Event: 26.355 Thread 0x00000200217bd940 flushing nmethod 0x000002000bd70f90
Event: 26.358 Thread 0x00000200217bd940 flushing nmethod 0x000002000c0d0110
Event: 26.358 Thread 0x00000200217bd940 flushing nmethod 0x000002000c0ec210
Event: 26.358 Thread 0x00000200217bd940 flushing nmethod 0x000002000c141210
Event: 26.358 Thread 0x00000200217bd940 flushing nmethod 0x000002000c15ed90
Event: 26.359 Thread 0x00000200217bd940 flushing nmethod 0x000002000c188390
Event: 26.363 Thread 0x00000200217bd940 flushing nmethod 0x000002000c5cb510


Dynamic libraries:
0x00007ff7f1e70000 - 0x00007ff7f1e7e000 	C:\Program Files\Microsoft\jdk-17.0.10.7-hotspot\bin\java.exe
0x00007ffc9e530000 - 0x00007ffc9e728000 	C:\Windows\SYSTEM32\ntdll.dll
0x00007ffc9d840000 - 0x00007ffc9d8fd000 	C:\Windows\System32\KERNEL32.DLL
0x00007ffc9be00000 - 0x00007ffc9c0f6000 	C:\Windows\System32\KERNELBASE.dll
0x00007ffc9c420000 - 0x00007ffc9c520000 	C:\Windows\System32\ucrtbase.dll
0x00007ffc915a0000 - 0x00007ffc915bb000 	C:\Program Files\Microsoft\jdk-17.0.10.7-hotspot\bin\VCRUNTIME140.dll
0x00007ffc915c0000 - 0x00007ffc915d7000 	C:\Program Files\Microsoft\jdk-17.0.10.7-hotspot\bin\jli.dll
0x00007ffc9d610000 - 0x00007ffc9d7ae000 	C:\Windows\System32\USER32.dll
0x00007ffc9c2e0000 - 0x00007ffc9c302000 	C:\Windows\System32\win32u.dll
0x00007ffc82650000 - 0x00007ffc828ea000 	C:\Windows\WinSxS\amd64_microsoft.windows.common-controls_6595b64144ccf1df_6.0.19041.3636_none_60b6a03d71f818d5\COMCTL32.dll
0x00007ffc9e3a0000 - 0x00007ffc9e3cb000 	C:\Windows\System32\GDI32.dll
0x00007ffc9c100000 - 0x00007ffc9c217000 	C:\Windows\System32\gdi32full.dll
0x00007ffc9c310000 - 0x00007ffc9c3ad000 	C:\Windows\System32\msvcp_win.dll
0x00007ffc9d970000 - 0x00007ffc9da0e000 	C:\Windows\System32\msvcrt.dll
0x00007ffc9c620000 - 0x00007ffc9c652000 	C:\Windows\System32\IMM32.DLL
0x00007ffc90370000 - 0x00007ffc9037c000 	C:\Program Files\Microsoft\jdk-17.0.10.7-hotspot\bin\vcruntime140_1.dll
0x00007ffc874d0000 - 0x00007ffc8755d000 	C:\Program Files\Microsoft\jdk-17.0.10.7-hotspot\bin\msvcp140.dll
0x00007ffc58170000 - 0x00007ffc58dd5000 	C:\Program Files\Microsoft\jdk-17.0.10.7-hotspot\bin\server\jvm.dll
0x00007ffc9cc10000 - 0x00007ffc9ccc3000 	C:\Windows\System32\ADVAPI32.dll
0x00007ffc9ce00000 - 0x00007ffc9ce9f000 	C:\Windows\System32\sechost.dll
0x00007ffc9ccd0000 - 0x00007ffc9cdf6000 	C:\Windows\System32\RPCRT4.dll
0x00007ffc9c220000 - 0x00007ffc9c247000 	C:\Windows\System32\bcrypt.dll
0x00007ffc9b9a0000 - 0x00007ffc9b9eb000 	C:\Windows\SYSTEM32\POWRPROF.dll
0x00007ffc94d10000 - 0x00007ffc94d19000 	C:\Windows\SYSTEM32\WSOCK32.dll
0x00007ffc8ce50000 - 0x00007ffc8ce5a000 	C:\Windows\SYSTEM32\VERSION.dll
0x00007ffc8c280000 - 0x00007ffc8c2a7000 	C:\Windows\SYSTEM32\WINMM.dll
0x00007ffc9d900000 - 0x00007ffc9d96b000 	C:\Windows\System32\WS2_32.dll
0x00007ffc9b980000 - 0x00007ffc9b992000 	C:\Windows\SYSTEM32\UMPDC.dll
0x00007ffc9a430000 - 0x00007ffc9a442000 	C:\Windows\SYSTEM32\kernel.appcore.dll
0x00007ffc90360000 - 0x00007ffc9036a000 	C:\Program Files\Microsoft\jdk-17.0.10.7-hotspot\bin\jimage.dll
0x00007ffc99840000 - 0x00007ffc99a24000 	C:\Windows\SYSTEM32\DBGHELP.DLL
0x00007ffc7fc60000 - 0x00007ffc7fc94000 	C:\Windows\SYSTEM32\dbgcore.DLL
0x00007ffc9c250000 - 0x00007ffc9c2d2000 	C:\Windows\System32\bcryptPrimitives.dll
0x00007ffc8c060000 - 0x00007ffc8c085000 	C:\Program Files\Microsoft\jdk-17.0.10.7-hotspot\bin\java.dll
0x00007ffc768e0000 - 0x00007ffc769b7000 	C:\Program Files\Microsoft\jdk-17.0.10.7-hotspot\bin\jsvml.dll
0x00007ffc9da10000 - 0x00007ffc9e155000 	C:\Windows\System32\SHELL32.dll
0x00007ffc99c80000 - 0x00007ffc9a41c000 	C:\Windows\SYSTEM32\windows.storage.dll
0x00007ffc9c660000 - 0x00007ffc9c9b4000 	C:\Windows\System32\combase.dll
0x00007ffc9b5b0000 - 0x00007ffc9b5de000 	C:\Windows\SYSTEM32\Wldp.dll
0x00007ffc9c9c0000 - 0x00007ffc9ca8d000 	C:\Windows\System32\OLEAUT32.dll
0x00007ffc9c570000 - 0x00007ffc9c61d000 	C:\Windows\System32\SHCORE.dll
0x00007ffc9e3d0000 - 0x00007ffc9e425000 	C:\Windows\System32\shlwapi.dll
0x00007ffc9bb20000 - 0x00007ffc9bb45000 	C:\Windows\SYSTEM32\profapi.dll
0x00007ffc8bef0000 - 0x00007ffc8bf09000 	C:\Program Files\Microsoft\jdk-17.0.10.7-hotspot\bin\net.dll
0x00007ffc93ce0000 - 0x00007ffc93dea000 	C:\Windows\SYSTEM32\WINHTTP.dll
0x00007ffc9b310000 - 0x00007ffc9b37a000 	C:\Windows\system32\mswsock.dll
0x00007ffc86cd0000 - 0x00007ffc86ce6000 	C:\Program Files\Microsoft\jdk-17.0.10.7-hotspot\bin\nio.dll
0x00007ffc86cb0000 - 0x00007ffc86cc8000 	C:\Program Files\Microsoft\jdk-17.0.10.7-hotspot\bin\zip.dll
0x00007ffc92140000 - 0x00007ffc92150000 	C:\Program Files\Microsoft\jdk-17.0.10.7-hotspot\bin\verify.dll

dbghelp: loaded successfully - version: 4.0.5 - missing functions: none
symbol engine: initialized successfully - sym options: 0x614 - pdb path: .;C:\Program Files\Microsoft\jdk-17.0.10.7-hotspot\bin;C:\Windows\SYSTEM32;C:\Windows\WinSxS\amd64_microsoft.windows.common-controls_6595b64144ccf1df_6.0.19041.3636_none_60b6a03d71f818d5;C:\Program Files\Microsoft\jdk-17.0.10.7-hotspot\bin\server

VM Arguments:
java_command: org.jetbrains.kotlin.cli.jvm.K2JVMCompiler @C:\Users\Zeeshan Ch\Documents\Harvest-Yards-React-native\node_modules\react-native-screens\android\build\20240305_18325135132353478897.compiler.options
java_class_path (initial): C:\Users\Zeeshan Ch\.gradle\caches\modules-2\files-2.1\org.jetbrains.kotlin\kotlin-compiler-embeddable\1.8.0\eb9118d4bcceaa2a94b2ae2a33a4ddba7c9a947f\kotlin-compiler-embeddable-1.8.0.jar;C:\Users\Zeeshan Ch\.gradle\caches\modules-2\files-2.1\org.jetbrains.kotlin\kotlin-stdlib\1.8.0\1796921c7a3e2e2665a83e6c8d33399336cd39bc\kotlin-stdlib-1.8.0.jar;C:\Users\Zeeshan Ch\.gradle\caches\modules-2\files-2.1\org.jetbrains.kotlin\kotlin-script-runtime\1.8.0\b2f7e760d283cb339974851c222a4c1d48f2d3d\kotlin-script-runtime-1.8.0.jar;C:\Users\Zeeshan Ch\.gradle\caches\modules-2\files-2.1\org.jetbrains.kotlin\kotlin-reflect\1.6.10\1cbe9c92c12a94eea200d23c2bbaedaf3daf5132\kotlin-reflect-1.6.10.jar;C:\Users\Zeeshan Ch\.gradle\caches\modules-2\files-2.1\org.jetbrains.kotlin\kotlin-daemon-embeddable\1.8.0\d255216c551685dc3a7e852b53617f5f01aaaa5c\kotlin-daemon-embeddable-1.8.0.jar;C:\Users\Zeeshan Ch\.gradle\caches\modules-2\files-2.1\org.jetbrains.intellij.deps\trove4j\1.0.20200330\3afb14d5f9ceb459d724e907a21145e8ff394f02\trove4j-1.0.20200330.jar;C:\Users\Zeeshan Ch\.gradle\caches\modules-2\files-2.1\net.java.dev.jna\jna\5.6.0\330f2244e9030119ab3030fc3fededc86713d9cc\jna-5.6.0.jar;C:\Users\Zeeshan Ch\.gradle\caches\modules-2\files-2.1\org.jetbrains.kotlin\kotlin-stdlib-common\1.8.0\f7197e7cc76453ac59f8b0f8d5137cc600becd36\kotlin-stdlib-common-1.8.0.jar;C:\Users\Zeeshan Ch\.gradle\caches\modules-2\files-2.1\org.jetbrains\annotations\13.0\919f0dfe192fb4e063e7dacadee7f8bb9a2672a9\annotations-13.0.jar
Launcher Type: SUN_STANDARD

[Global flags]
     intx CICompilerCount                          = 4                                         {product} {ergonomic}
     uint ConcGCThreads                            = 3                                         {product} {ergonomic}
     uint G1ConcRefinementThreads                  = 10                                        {product} {ergonomic}
   size_t G1HeapRegionSize                         = 1048576                                   {product} {ergonomic}
    uintx GCDrainStackTargetSize                   = 64                                        {product} {ergonomic}
   size_t InitialHeapSize                          = 130023424                                 {product} {ergonomic}
   size_t MarkStackSize                            = 4194304                                   {product} {ergonomic}
   size_t MaxHeapSize                              = 2076180480                                {product} {ergonomic}
   size_t MaxNewSize                               = 1245708288                                {product} {ergonomic}
   size_t MinHeapDeltaBytes                        = 1048576                                   {product} {ergonomic}
   size_t MinHeapSize                              = 8388608                                   {product} {ergonomic}
    uintx NonNMethodCodeHeapSize                   = 5839372                                {pd product} {ergonomic}
    uintx NonProfiledCodeHeapSize                  = 122909434                              {pd product} {ergonomic}
    uintx ProfiledCodeHeapSize                     = 122909434                              {pd product} {ergonomic}
    uintx ReservedCodeCacheSize                    = 251658240                              {pd product} {ergonomic}
     bool SegmentedCodeCache                       = true                                      {product} {ergonomic}
   size_t SoftMaxHeapSize                          = 2076180480                             {manageable} {ergonomic}
     bool UseCompressedClassPointers               = true                           {product lp64_product} {ergonomic}
     bool UseCompressedOops                        = true                           {product lp64_product} {ergonomic}
     bool UseG1GC                                  = true                                      {product} {ergonomic}
     bool UseLargePagesIndividualAllocation        = false                                  {pd product} {ergonomic}

Logging:
Log output configuration:
 #0: stdout all=warning uptime,level,tags
 #1: stderr all=off uptime,level,tags

Environment Variables:
JAVA_HOME=C:\Program Files\Microsoft\jdk-17.0.10.7-hotspot\
CLASSPATH=C:\Users\Zeeshan Ch\Documents\Harvest-Yards-React-native\android\\gradle\wrapper\gradle-wrapper.jar
PATH=C:\Users\Zeeshan Ch\Documents\Harvest-Yards-React-native\node_modules\.bin;C:\Users\Zeeshan Ch\Documents\Harvest-Yards-React-native\node_modules\.bin;C:\Users\Zeeshan Ch\Documents\node_modules\.bin;C:\Users\Zeeshan Ch\node_modules\.bin;C:\Users\node_modules\.bin;C:\node_modules\.bin;C:\Users\Zeeshan Ch\AppData\Roaming\npm\node_modules\npm\node_modules\@npmcli\run-script\lib\node-gyp-bin;C:\Users\ZEESHA~1\AppData\Local\Temp\yarn--1709660226746-0.8442983982937362;C:\Users\Zeeshan Ch\Documents\Harvest-Yards-React-native\node_modules\.bin;C:\Users\Zeeshan Ch\AppData\Local\Yarn\Data\link\node_modules\.bin;C:\Users\Zeeshan Ch\AppData\Local\Yarn\bin;C:\Program Files\libexec\lib\node_modules\npm\bin\node-gyp-bin;C:\Program Files\lib\node_modules\npm\bin\node-gyp-bin;C:\Program Files\nodejs\node_modules\npm\bin\node-gyp-bin;C:\Program Files\Microsoft\jdk-17.0.10.7-hotspot\bin;C:\Python312\Scripts\;C:\Python312\;C:\Windows\system32;C:\Windows;C:\Windows\System32\Wbem;C:\Windows\System32\WindowsPowerShell\v1.0\;C:\Windows\System32\OpenSSH\;C:\Program Files\nodejs\;C:\ProgramData\chocolatey\bin;C:\Program Files\Git\cmd;C:\Users\Zeeshan Ch\AppData\Local\Microsoft\WindowsApps;C:\Users\Zeeshan Ch\AppData\Roaming\npm;C:\Users\Zeeshan Ch\AppData\Local\Programs\Microsoft VS Code\bin;C:\Program Files\JetBrains\IntelliJ IDEA 2023.3.4\bin;
USERNAME=Zeeshan Ch
OS=Windows_NT
PROCESSOR_IDENTIFIER=Intel64 Family 6 Model 154 Stepping 4, GenuineIntel
TMP=C:\Users\ZEESHA~1\AppData\Local\Temp
TEMP=C:\Users\ZEESHA~1\AppData\Local\Temp



Periodic native trim disabled


---------------  S Y S T E M  ---------------

OS:
 Windows 10 , 64 bit Build 19041 (10.0.19041.3636)
OS uptime: 5 days 21:21 hours

CPU: total 12 (initial active 12) (12 cores per cpu, 1 threads per core) family 6 model 154 stepping 4 microcode 0x424, cx8, cmov, fxsr, mmx, 3dnowpref, sse, sse2, sse3, ssse3, sse4.1, sse4.2, popcnt, lzcnt, tsc, tscinvbit, avx, avx2, aes, erms, clmul, bmi1, bmi2, adx, sha, fma, vzeroupper, clflush, clflushopt, clwb
Processor Information for processor 0
  Max Mhz: 1300, Current Mhz: 1300, Mhz Limit: 1300
Processor Information for processor 1
  Max Mhz: 1300, Current Mhz: 1300, Mhz Limit: 1300
Processor Information for processor 2
  Max Mhz: 1300, Current Mhz: 1300, Mhz Limit: 1300
Processor Information for processor 3
  Max Mhz: 1300, Current Mhz: 1300, Mhz Limit: 1300
Processor Information for processor 4
  Max Mhz: 900, Current Mhz: 900, Mhz Limit: 900
Processor Information for processor 5
  Max Mhz: 900, Current Mhz: 900, Mhz Limit: 900
Processor Information for processor 6
  Max Mhz: 900, Current Mhz: 900, Mhz Limit: 900
Processor Information for processor 7
  Max Mhz: 900, Current Mhz: 900, Mhz Limit: 900
Processor Information for processor 8
  Max Mhz: 900, Current Mhz: 900, Mhz Limit: 900
Processor Information for processor 9
  Max Mhz: 900, Current Mhz: 900, Mhz Limit: 900
Processor Information for processor 10
  Max Mhz: 900, Current Mhz: 900, Mhz Limit: 900
Processor Information for processor 11
  Max Mhz: 900, Current Mhz: 900, Mhz Limit: 900

Memory: 4k page, system-wide physical 7916M (336M free)
TotalPageFile size 15916M (AvailPageFile size 0M)
current process WorkingSet (physical memory assigned to process): 373M, peak: 392M
current process commit charge ("private bytes"): 422M, peak: 444M

vm_info: OpenJDK 64-Bit Server VM (17.0.10+7-LTS) for windows-amd64 JRE (17.0.10+7-LTS), built on Jan 10 2024 19:47:12 by "MicrosoftCorporation" with MS VC++ 16.10 / 16.11 (VS2019)

END.
